<?xml version="1.0" encoding="UTF-8"?>
<testsuite name="com.example.HelloControllerTest" tests="1" skipped="0" failures="0" errors="0" timestamp="2020-07-13T19:43:31" hostname="Jordans-MBP" time="0.467">
  <properties/>
  <testcase name="testHello()" classname="com.example.HelloControllerTest" time="0.467"/>
  <system-out><![CDATA[?[36m14:43:30.965?[0;39m ?[1;30m[Test worker]?[0;39m ?[34mINFO ?[0;39m ?[35mi.m.context.env.DefaultEnvironment?[0;39m - Established active environments: [test]
]]></system-out>
  <system-err><![CDATA[]]></system-err>
</testsuite>
