<?xml version="1.0" encoding="UTF-8"?>
<testsuite name="com.example.HelloControllerTest" tests="1" skipped="0" failures="0" errors="0" timestamp="2020-07-02T13:46:44" hostname="Jordans-MBP" time="0.311">
  <properties/>
  <testcase name="testHello()" classname="com.example.HelloControllerTest" time="0.311"/>
  <system-out><![CDATA[?[36m08:46:44.913?[0;39m ?[1;30m[Test worker]?[0;39m ?[34mINFO ?[0;39m ?[35mi.m.context.env.DefaultEnvironment?[0;39m - Established active environments: [test]
]]></system-out>
  <system-err><![CDATA[]]></system-err>
</testsuite>
