<?xml version="1.0" encoding="UTF-8"?>
<testsuite name="com.example.DemoTest" tests="1" skipped="0" failures="0" errors="0" timestamp="2020-07-13T19:43:30" hostname="Jordans-MBP" time="0.03">
  <properties/>
  <testcase name="testItWorks()" classname="com.example.DemoTest" time="0.03"/>
  <system-out><![CDATA[?[36m14:43:29.963?[0;39m ?[1;30m[Test worker]?[0;39m ?[34mINFO ?[0;39m ?[35mi.m.context.env.DefaultEnvironment?[0;39m - Established active environments: [test]
]]></system-out>
  <system-err><![CDATA[]]></system-err>
</testsuite>
